[2025-05-09 12:16:31,811: INFO: main: Welcome to ML Project]
[2025-05-11 22:27:46,453: INFO: common: yaml file: config\config.yaml loaded successfully]
[2025-05-11 22:30:18,219: INFO: common: yaml file: config\config.yaml loaded successfully]
[2025-05-11 22:30:23,742: INFO: common: yaml file: config\config.yaml loaded successfully]
[2025-05-11 22:30:33,453: INFO: common: yaml file: config\config.yaml loaded successfully]
[2025-05-11 22:31:25,307: INFO: common: yaml file: config\config.yaml loaded successfully]
[2025-05-11 22:31:25,309: INFO: common: yaml file: params.yaml loaded successfully]
[2025-05-11 22:31:25,324: INFO: common: yaml file: schema.yaml loaded successfully]
[2025-05-11 22:31:25,325: INFO: common: created directory at: artifacts]
[2025-05-11 22:31:25,326: INFO: common: created directory at: artifacts/data_ingestion]
[2025-05-11 22:31:26,574: INFO: 2280763589: artifacts/data_ingestion/data.zip download! with following info: 
Connection: close
Content-Length: 21293
Cache-Control: max-age=300
Content-Security-Policy: default-src 'none'; style-src 'unsafe-inline'; sandbox
Content-Type: application/zip
ETag: "917e6bb11448a8bb6b5ab9e4fc3e793f90df2056dbca914c418496482202978c"
Strict-Transport-Security: max-age=31536000
X-Content-Type-Options: nosniff
X-Frame-Options: deny
X-XSS-Protection: 1; mode=block
X-GitHub-Request-Id: B767:5B2C9:1B4D7A:583A2C:6820D7E6
Accept-Ranges: bytes
Date: Sun, 11 May 2025 17:01:26 GMT
Via: 1.1 varnish
X-Served-By: cache-ccu830029-CCU
X-Cache: MISS
X-Cache-Hits: 0
X-Timer: S1746982886.345543,VS0,VE540
Vary: Authorization,Accept-Encoding,Origin
Access-Control-Allow-Origin: *
Cross-Origin-Resource-Policy: cross-origin
X-Fastly-Request-ID: 39cf517f798dea8f804e54e9447c243792741b26
Expires: Sun, 11 May 2025 17:06:26 GMT
Source-Age: 0

]
[2025-05-11 22:47:15,765: INFO: main: >>>>>> stage Data Ingestion stage started <<<<<<]
[2025-05-11 22:47:15,765: INFO: common: yaml file: config\config.yaml loaded successfully]
[2025-05-11 22:47:15,765: INFO: common: yaml file: params.yaml loaded successfully]
[2025-05-11 22:47:15,781: INFO: common: yaml file: schema.yaml loaded successfully]
[2025-05-11 22:47:15,781: INFO: common: created directory at: artifacts]
[2025-05-11 22:47:15,781: INFO: common: created directory at: artifacts/data_ingestion]
[2025-05-11 22:47:16,510: INFO: data_ingestion: artifacts/data_ingestion/data.zip download! with following info: 
Connection: close
Content-Length: 21293
Cache-Control: max-age=300
Content-Security-Policy: default-src 'none'; style-src 'unsafe-inline'; sandbox
Content-Type: application/zip
ETag: "917e6bb11448a8bb6b5ab9e4fc3e793f90df2056dbca914c418496482202978c"
Strict-Transport-Security: max-age=31536000
X-Content-Type-Options: nosniff
X-Frame-Options: deny
X-XSS-Protection: 1; mode=block
X-GitHub-Request-Id: B767:5B2C9:1B4D7A:583A2C:6820D7E6
Accept-Ranges: bytes
Date: Sun, 11 May 2025 17:17:16 GMT
Via: 1.1 varnish
X-Served-By: cache-ccu830045-CCU
X-Cache: HIT
X-Cache-Hits: 0
X-Timer: S1746983837.590176,VS0,VE260
Vary: Authorization,Accept-Encoding,Origin
Access-Control-Allow-Origin: *
Cross-Origin-Resource-Policy: cross-origin
X-Fastly-Request-ID: 90d3d77b9f0cb75754533e08656f5cb9d311e4c0
Expires: Sun, 11 May 2025 17:22:16 GMT
Source-Age: 0

]
[2025-05-11 22:47:16,529: INFO: main: >>>>>> stage Data Ingestion stage completed <<<<<<

x==========x]
[2025-05-11 22:59:46,230: INFO: common: yaml file: config\config.yaml loaded successfully]
[2025-05-11 22:59:46,232: INFO: common: yaml file: params.yaml loaded successfully]
[2025-05-11 22:59:46,234: INFO: common: yaml file: schema.yaml loaded successfully]
[2025-05-11 22:59:46,237: INFO: common: created directory at: artifacts]
[2025-05-11 22:59:46,240: INFO: common: created directory at: artifacts/data_validation]
[2025-05-11 23:04:08,756: INFO: common: yaml file: config\config.yaml loaded successfully]
[2025-05-11 23:04:08,758: INFO: common: yaml file: params.yaml loaded successfully]
[2025-05-11 23:04:08,761: INFO: common: yaml file: schema.yaml loaded successfully]
[2025-05-11 23:04:08,762: INFO: common: created directory at: artifacts]
[2025-05-11 23:04:08,763: INFO: common: created directory at: artifacts/data_validation]
[2025-05-11 23:04:42,162: INFO: common: yaml file: config\config.yaml loaded successfully]
[2025-05-11 23:04:42,164: INFO: common: yaml file: params.yaml loaded successfully]
[2025-05-11 23:04:42,167: INFO: common: yaml file: schema.yaml loaded successfully]
[2025-05-11 23:04:42,168: INFO: common: created directory at: artifacts]
[2025-05-11 23:04:42,169: INFO: common: created directory at: artifacts/data_validation]
[2025-05-11 23:11:00,824: INFO: main: >>>>>> stage Data Ingestion stage started <<<<<<]
[2025-05-11 23:11:00,824: INFO: common: yaml file: config\config.yaml loaded successfully]
[2025-05-11 23:11:00,824: INFO: common: yaml file: params.yaml loaded successfully]
[2025-05-11 23:11:00,824: INFO: common: yaml file: schema.yaml loaded successfully]
[2025-05-11 23:11:00,824: INFO: common: created directory at: artifacts]
[2025-05-11 23:11:00,824: INFO: common: created directory at: artifacts/data_ingestion]
[2025-05-11 23:11:02,041: INFO: data_ingestion: artifacts/data_ingestion/data.zip download! with following info: 
Connection: close
Content-Length: 18215
Cache-Control: max-age=300
Content-Security-Policy: default-src 'none'; style-src 'unsafe-inline'; sandbox
Content-Type: application/zip
ETag: "796adf39139817edc601a7b150b19b0089300c79c50b1f3a9b7dbf205c395e81"
Strict-Transport-Security: max-age=31536000
X-Content-Type-Options: nosniff
X-Frame-Options: deny
X-XSS-Protection: 1; mode=block
X-GitHub-Request-Id: C370:188360:1B3237:41C1E4:6820E12C
Accept-Ranges: bytes
Date: Sun, 11 May 2025 17:41:02 GMT
Via: 1.1 varnish
X-Served-By: cache-ccu830042-CCU
X-Cache: MISS
X-Cache-Hits: 0
X-Timer: S1746985262.910975,VS0,VE496
Vary: Authorization,Accept-Encoding,Origin
Access-Control-Allow-Origin: *
Cross-Origin-Resource-Policy: cross-origin
X-Fastly-Request-ID: 332e0b1b1c6d89c57794a2e6417c48339c500ecd
Expires: Sun, 11 May 2025 17:46:02 GMT
Source-Age: 0

]
[2025-05-11 23:11:02,091: INFO: main: >>>>>> stage Data Ingestion stage completed <<<<<<

x==========x]
[2025-05-11 23:11:51,839: INFO: common: yaml file: config\config.yaml loaded successfully]
[2025-05-11 23:11:51,841: INFO: common: yaml file: params.yaml loaded successfully]
[2025-05-11 23:11:51,843: INFO: common: yaml file: schema.yaml loaded successfully]
[2025-05-11 23:11:51,845: INFO: common: created directory at: artifacts]
[2025-05-11 23:11:51,845: INFO: common: created directory at: artifacts/data_validation]
[2025-05-11 23:20:47,974: INFO: main: >>>>>> stage Data Ingestion stage started <<<<<<]
[2025-05-11 23:20:47,974: INFO: common: yaml file: config\config.yaml loaded successfully]
[2025-05-11 23:20:47,974: INFO: common: yaml file: params.yaml loaded successfully]
[2025-05-11 23:20:47,990: INFO: common: yaml file: schema.yaml loaded successfully]
[2025-05-11 23:20:47,990: INFO: common: created directory at: artifacts]
[2025-05-11 23:20:47,990: INFO: common: created directory at: artifacts/data_ingestion]
[2025-05-11 23:20:48,825: INFO: data_ingestion: artifacts/data_ingestion/data.zip download! with following info: 
Connection: close
Content-Length: 18215
Cache-Control: max-age=300
Content-Security-Policy: default-src 'none'; style-src 'unsafe-inline'; sandbox
Content-Type: application/zip
ETag: "796adf39139817edc601a7b150b19b0089300c79c50b1f3a9b7dbf205c395e81"
Strict-Transport-Security: max-age=31536000
X-Content-Type-Options: nosniff
X-Frame-Options: deny
X-XSS-Protection: 1; mode=block
X-GitHub-Request-Id: C370:188360:1B3237:41C1E4:6820E12C
Accept-Ranges: bytes
Date: Sun, 11 May 2025 17:50:49 GMT
Via: 1.1 varnish
X-Served-By: cache-ccu830024-CCU
X-Cache: HIT
X-Cache-Hits: 0
X-Timer: S1746985849.911739,VS0,VE290
Vary: Authorization,Accept-Encoding,Origin
Access-Control-Allow-Origin: *
Cross-Origin-Resource-Policy: cross-origin
X-Fastly-Request-ID: 20041287f7aaea9fa0051de20a2e95fc91a96f95
Expires: Sun, 11 May 2025 17:55:49 GMT
Source-Age: 0

]
[2025-05-11 23:20:48,846: INFO: main: >>>>>> stage Data Ingestion stage completed <<<<<<

x==========x]
[2025-05-11 23:20:48,846: INFO: main: >>>>>> stage Data Validation stage started <<<<<<]
[2025-05-11 23:20:48,847: INFO: common: yaml file: config\config.yaml loaded successfully]
[2025-05-11 23:20:48,848: INFO: common: yaml file: params.yaml loaded successfully]
[2025-05-11 23:20:48,848: INFO: common: yaml file: schema.yaml loaded successfully]
[2025-05-11 23:20:48,848: INFO: common: created directory at: artifacts]
[2025-05-11 23:20:48,848: INFO: common: created directory at: artifacts/data_validation]
[2025-05-11 23:20:48,869: INFO: main: >>>>>> stage Data Validation stage completed <<<<<<

x==========x]
[2025-05-11 23:38:22,281: INFO: main: >>>>>> stage Data Ingestion stage started <<<<<<]
[2025-05-11 23:38:22,281: INFO: common: yaml file: config\config.yaml loaded successfully]
[2025-05-11 23:38:22,281: INFO: common: yaml file: params.yaml loaded successfully]
[2025-05-11 23:38:22,281: INFO: common: yaml file: schema.yaml loaded successfully]
[2025-05-11 23:38:22,281: INFO: common: created directory at: artifacts]
[2025-05-11 23:38:22,281: INFO: common: created directory at: artifacts/data_ingestion]
[2025-05-11 23:38:23,931: INFO: data_ingestion: artifacts/data_ingestion/data.zip download! with following info: 
Connection: close
Content-Length: 18424
Cache-Control: max-age=300
Content-Security-Policy: default-src 'none'; style-src 'unsafe-inline'; sandbox
Content-Type: application/zip
ETag: "4a608ec298d310c4a5721c5dd145b85f7dfc6bdc5a8ff97557f6cc4f625a1320"
Strict-Transport-Security: max-age=31536000
X-Content-Type-Options: nosniff
X-Frame-Options: deny
X-XSS-Protection: 1; mode=block
X-GitHub-Request-Id: CF4B:70D9:1B947E:59FFB4:6820E797
Accept-Ranges: bytes
Date: Sun, 11 May 2025 18:08:24 GMT
Via: 1.1 varnish
X-Served-By: cache-ccu830027-CCU
X-Cache: MISS
X-Cache-Hits: 0
X-Timer: S1746986904.016155,VS0,VE297
Vary: Authorization,Accept-Encoding,Origin
Access-Control-Allow-Origin: *
Cross-Origin-Resource-Policy: cross-origin
X-Fastly-Request-ID: 5139217545a032f917f63ea8f6b15fcf9273b047
Expires: Sun, 11 May 2025 18:13:24 GMT
Source-Age: 0

]
[2025-05-11 23:38:23,955: INFO: main: >>>>>> stage Data Ingestion stage completed <<<<<<

x==========x]
[2025-05-11 23:38:23,955: INFO: main: >>>>>> stage Data Validation stage started <<<<<<]
[2025-05-11 23:38:23,967: INFO: common: yaml file: config\config.yaml loaded successfully]
[2025-05-11 23:38:23,967: INFO: common: yaml file: params.yaml loaded successfully]
[2025-05-11 23:38:23,973: INFO: common: yaml file: schema.yaml loaded successfully]
[2025-05-11 23:38:23,974: INFO: common: created directory at: artifacts]
[2025-05-11 23:38:23,975: INFO: common: created directory at: artifacts/data_validation]
[2025-05-11 23:38:24,004: INFO: main: >>>>>> stage Data Validation stage completed <<<<<<

x==========x]
[2025-05-12 07:36:33,333: INFO: common: yaml file: config\config.yaml loaded successfully]
[2025-05-12 07:36:33,420: INFO: common: yaml file: params.yaml loaded successfully]
[2025-05-12 07:36:33,422: INFO: common: yaml file: schema.yaml loaded successfully]
[2025-05-12 07:36:33,424: INFO: common: created directory at: artifacts]
[2025-05-12 07:36:33,439: INFO: common: created directory at: artifacts/data_transformation]
[2025-05-12 07:36:34,090: INFO: 77747319: Splited data into training and test sets]
[2025-05-12 07:36:34,091: INFO: 77747319: (857, 12)]
[2025-05-12 07:36:34,091: INFO: 77747319: (286, 12)]
[2025-05-12 07:36:34,303: INFO: 77747319: Applied StandardScaler and PolynomialFeatures transformation]
[2025-05-12 07:40:17,166: INFO: common: yaml file: config\config.yaml loaded successfully]
[2025-05-12 07:40:17,166: INFO: common: yaml file: params.yaml loaded successfully]
[2025-05-12 07:40:17,166: INFO: common: yaml file: schema.yaml loaded successfully]
[2025-05-12 07:40:17,166: INFO: common: created directory at: artifacts]
[2025-05-12 07:40:17,166: INFO: common: created directory at: artifacts/data_transformation]
[2025-05-12 07:40:17,324: INFO: 380530395: Splited data into training and test sets]
[2025-05-12 07:40:17,324: INFO: 380530395: (857, 12)]
[2025-05-12 07:40:17,324: INFO: 380530395: (286, 12)]
[2025-05-12 07:40:17,700: INFO: 380530395: Saved transformed train and test datasets to CSV]
[2025-05-12 07:51:58,460: INFO: main: >>>>>> stage Data Ingestion stage started <<<<<<]
[2025-05-12 07:51:58,460: INFO: common: yaml file: config\config.yaml loaded successfully]
[2025-05-12 07:51:58,460: INFO: common: yaml file: params.yaml loaded successfully]
[2025-05-12 07:51:58,460: INFO: common: yaml file: schema.yaml loaded successfully]
[2025-05-12 07:51:58,525: INFO: common: created directory at: artifacts]
[2025-05-12 07:51:58,525: INFO: common: created directory at: artifacts/data_ingestion]
[2025-05-12 07:51:59,691: INFO: data_ingestion: artifacts/data_ingestion/data.zip download! with following info: 
Connection: close
Content-Length: 18424
Cache-Control: max-age=300
Content-Security-Policy: default-src 'none'; style-src 'unsafe-inline'; sandbox
Content-Type: application/zip
ETag: "4a608ec298d310c4a5721c5dd145b85f7dfc6bdc5a8ff97557f6cc4f625a1320"
Strict-Transport-Security: max-age=31536000
X-Content-Type-Options: nosniff
X-Frame-Options: deny
X-XSS-Protection: 1; mode=block
X-GitHub-Request-Id: 7E7D:260D99:1E973B:682840:68215B47
Accept-Ranges: bytes
Date: Mon, 12 May 2025 02:21:59 GMT
Via: 1.1 varnish
X-Served-By: cache-ccu830039-CCU
X-Cache: MISS
X-Cache-Hits: 0
X-Timer: S1747016520.684830,VS0,VE293
Vary: Authorization,Accept-Encoding,Origin
Access-Control-Allow-Origin: *
Cross-Origin-Resource-Policy: cross-origin
X-Fastly-Request-ID: 73cb208e91cf2b61ce2e5d7828f1ca7b49c3f168
Expires: Mon, 12 May 2025 02:26:59 GMT
Source-Age: 0

]
[2025-05-12 07:51:59,873: INFO: main: >>>>>> stage Data Ingestion stage completed <<<<<<

x==========x]
[2025-05-12 07:51:59,874: INFO: main: >>>>>> stage Data Validation stage started <<<<<<]
[2025-05-12 07:51:59,874: INFO: common: yaml file: config\config.yaml loaded successfully]
[2025-05-12 07:51:59,874: INFO: common: yaml file: params.yaml loaded successfully]
[2025-05-12 07:51:59,874: INFO: common: yaml file: schema.yaml loaded successfully]
[2025-05-12 07:51:59,874: INFO: common: created directory at: artifacts]
[2025-05-12 07:51:59,997: INFO: common: created directory at: artifacts/data_validation]
[2025-05-12 07:52:00,160: INFO: main: >>>>>> stage Data Validation stage completed <<<<<<

x==========x]
[2025-05-12 07:52:00,160: INFO: main: >>>>>> stage Data Transformation stage started <<<<<<]
[2025-05-12 07:52:00,160: INFO: common: yaml file: config\config.yaml loaded successfully]
[2025-05-12 07:52:00,172: INFO: common: yaml file: params.yaml loaded successfully]
[2025-05-12 07:52:00,173: INFO: common: yaml file: schema.yaml loaded successfully]
[2025-05-12 07:52:00,173: INFO: common: created directory at: artifacts]
[2025-05-12 07:52:00,181: INFO: common: created directory at: artifacts/data_transformation]
[2025-05-12 07:52:00,240: INFO: data_transformation: Splited data into training and test sets]
[2025-05-12 07:52:00,240: INFO: data_transformation: (857, 12)]
[2025-05-12 07:52:00,241: INFO: data_transformation: (286, 12)]
[2025-05-12 07:52:00,588: INFO: data_transformation: Saved transformed train and test datasets to CSV]
[2025-05-12 07:52:00,588: INFO: main: >>>>>> stage Data Transformation stage completed <<<<<<

x==========x]
[2025-05-12 08:06:31,770: INFO: common: yaml file: config\config.yaml loaded successfully]
[2025-05-12 08:06:31,770: INFO: common: yaml file: params.yaml loaded successfully]
[2025-05-12 08:06:31,774: INFO: common: yaml file: schema.yaml loaded successfully]
[2025-05-12 08:06:31,776: INFO: common: created directory at: artifacts]
[2025-05-12 08:06:31,778: INFO: common: created directory at: artifacts/model_trainer]
[2025-05-12 08:12:56,500: INFO: main: >>>>>> stage Data Ingestion stage started <<<<<<]
[2025-05-12 08:12:56,500: INFO: common: yaml file: config\config.yaml loaded successfully]
[2025-05-12 08:12:56,500: INFO: common: yaml file: params.yaml loaded successfully]
[2025-05-12 08:12:56,500: INFO: common: yaml file: schema.yaml loaded successfully]
[2025-05-12 08:12:56,500: INFO: common: created directory at: artifacts]
[2025-05-12 08:12:56,516: INFO: common: created directory at: artifacts/data_ingestion]
[2025-05-12 08:12:57,365: INFO: data_ingestion: artifacts/data_ingestion/data.zip download! with following info: 
Connection: close
Content-Length: 18424
Cache-Control: max-age=300
Content-Security-Policy: default-src 'none'; style-src 'unsafe-inline'; sandbox
Content-Type: application/zip
ETag: "4a608ec298d310c4a5721c5dd145b85f7dfc6bdc5a8ff97557f6cc4f625a1320"
Strict-Transport-Security: max-age=31536000
X-Content-Type-Options: nosniff
X-Frame-Options: deny
X-XSS-Protection: 1; mode=block
X-GitHub-Request-Id: 7E7D:260D99:1E973B:682840:68215B47
Accept-Ranges: bytes
Date: Mon, 12 May 2025 02:42:57 GMT
Via: 1.1 varnish
X-Served-By: cache-ccu830034-CCU
X-Cache: HIT
X-Cache-Hits: 0
X-Timer: S1747017777.329212,VS0,VE277
Vary: Authorization,Accept-Encoding,Origin
Access-Control-Allow-Origin: *
Cross-Origin-Resource-Policy: cross-origin
X-Fastly-Request-ID: 5e09d69c823372f0d5bdfedf44687766bc1f6259
Expires: Mon, 12 May 2025 02:47:57 GMT
Source-Age: 0

]
[2025-05-12 08:12:57,385: INFO: main: >>>>>> stage Data Ingestion stage completed <<<<<<

x==========x]
[2025-05-12 08:12:57,386: INFO: main: >>>>>> stage Data Validation stage started <<<<<<]
[2025-05-12 08:12:57,388: INFO: common: yaml file: config\config.yaml loaded successfully]
[2025-05-12 08:12:57,389: INFO: common: yaml file: params.yaml loaded successfully]
[2025-05-12 08:12:57,390: INFO: common: yaml file: schema.yaml loaded successfully]
[2025-05-12 08:12:57,390: INFO: common: created directory at: artifacts]
[2025-05-12 08:12:57,393: INFO: common: created directory at: artifacts/data_validation]
[2025-05-12 08:12:57,411: INFO: main: >>>>>> stage Data Validation stage completed <<<<<<

x==========x]
[2025-05-12 08:12:57,411: INFO: main: >>>>>> stage Data Transformation stage started <<<<<<]
[2025-05-12 08:12:57,414: INFO: common: yaml file: config\config.yaml loaded successfully]
[2025-05-12 08:12:57,414: INFO: common: yaml file: params.yaml loaded successfully]
[2025-05-12 08:12:57,414: INFO: common: yaml file: schema.yaml loaded successfully]
[2025-05-12 08:12:57,414: INFO: common: created directory at: artifacts]
[2025-05-12 08:12:57,419: INFO: common: created directory at: artifacts/data_transformation]
[2025-05-12 08:12:57,434: INFO: data_transformation: Splited data into training and test sets]
[2025-05-12 08:12:57,434: INFO: data_transformation: (857, 12)]
[2025-05-12 08:12:57,434: INFO: data_transformation: (286, 12)]
[2025-05-12 08:12:57,572: INFO: data_transformation: Saved transformed train and test datasets to CSV]
[2025-05-12 08:12:57,572: INFO: main: >>>>>> stage Data Transformation stage completed <<<<<<

x==========x]
[2025-05-12 08:12:57,572: INFO: main: >>>>>> stage Model Trainer stage started <<<<<<]
[2025-05-12 08:12:57,572: INFO: common: yaml file: config\config.yaml loaded successfully]
[2025-05-12 08:12:57,572: INFO: common: yaml file: params.yaml loaded successfully]
[2025-05-12 08:12:57,572: INFO: common: yaml file: schema.yaml loaded successfully]
[2025-05-12 08:12:57,572: INFO: common: created directory at: artifacts]
[2025-05-12 08:12:57,572: INFO: common: created directory at: artifacts/model_trainer]
[2025-05-12 08:13:01,071: INFO: main: >>>>>> stage Model Trainer stage completed <<<<<<

x==========x]
[2025-05-12 08:20:37,124: INFO: common: yaml file: config\config.yaml loaded successfully]
[2025-05-12 08:20:37,126: INFO: common: yaml file: params.yaml loaded successfully]
[2025-05-12 08:20:37,129: INFO: common: yaml file: schema.yaml loaded successfully]
[2025-05-12 08:20:37,132: INFO: common: created directory at: artifacts]
[2025-05-12 08:22:19,720: INFO: common: yaml file: config\config.yaml loaded successfully]
[2025-05-12 08:22:19,720: INFO: common: yaml file: params.yaml loaded successfully]
[2025-05-12 08:22:19,720: INFO: common: yaml file: schema.yaml loaded successfully]
[2025-05-12 08:22:19,735: INFO: common: created directory at: artifacts]
[2025-05-12 08:22:19,736: INFO: common: created directory at: artifacts/model_evaluation]
[2025-05-12 08:22:19,942: INFO: common: json file saved at: artifacts\model_evaluation\metrics.json]
[2025-05-12 08:27:30,457: INFO: main: >>>>>> stage Data Ingestion stage started <<<<<<]
[2025-05-12 08:27:30,457: INFO: common: yaml file: config\config.yaml loaded successfully]
[2025-05-12 08:27:30,473: INFO: common: yaml file: params.yaml loaded successfully]
[2025-05-12 08:27:30,473: INFO: common: yaml file: schema.yaml loaded successfully]
[2025-05-12 08:27:30,473: INFO: common: created directory at: artifacts]
[2025-05-12 08:27:30,473: INFO: common: created directory at: artifacts/data_ingestion]
[2025-05-12 08:27:31,282: INFO: data_ingestion: artifacts/data_ingestion/data.zip download! with following info: 
Connection: close
Content-Length: 18424
Cache-Control: max-age=300
Content-Security-Policy: default-src 'none'; style-src 'unsafe-inline'; sandbox
Content-Type: application/zip
ETag: "4a608ec298d310c4a5721c5dd145b85f7dfc6bdc5a8ff97557f6cc4f625a1320"
Strict-Transport-Security: max-age=31536000
X-Content-Type-Options: nosniff
X-Frame-Options: deny
X-XSS-Protection: 1; mode=block
X-GitHub-Request-Id: 7E7D:260D99:1E973B:682840:68215B47
Accept-Ranges: bytes
Date: Mon, 12 May 2025 02:57:31 GMT
Via: 1.1 varnish
X-Served-By: cache-ccu830020-CCU
X-Cache: HIT
X-Cache-Hits: 0
X-Timer: S1747018651.188303,VS0,VE295
Vary: Authorization,Accept-Encoding,Origin
Access-Control-Allow-Origin: *
Cross-Origin-Resource-Policy: cross-origin
X-Fastly-Request-ID: 31c664b91d4357a9a241282eea09327c35b32a90
Expires: Mon, 12 May 2025 03:02:31 GMT
Source-Age: 0

]
[2025-05-12 08:27:31,304: INFO: main: >>>>>> stage Data Ingestion stage completed <<<<<<

x==========x]
[2025-05-12 08:27:31,305: INFO: main: >>>>>> stage Data Validation stage started <<<<<<]
[2025-05-12 08:27:31,306: INFO: common: yaml file: config\config.yaml loaded successfully]
[2025-05-12 08:27:31,306: INFO: common: yaml file: params.yaml loaded successfully]
[2025-05-12 08:27:31,306: INFO: common: yaml file: schema.yaml loaded successfully]
[2025-05-12 08:27:31,306: INFO: common: created directory at: artifacts]
[2025-05-12 08:27:31,311: INFO: common: created directory at: artifacts/data_validation]
[2025-05-12 08:27:31,327: INFO: main: >>>>>> stage Data Validation stage completed <<<<<<

x==========x]
[2025-05-12 08:27:31,327: INFO: main: >>>>>> stage Data Transformation stage started <<<<<<]
[2025-05-12 08:27:31,334: INFO: common: yaml file: config\config.yaml loaded successfully]
[2025-05-12 08:27:31,335: INFO: common: yaml file: params.yaml loaded successfully]
[2025-05-12 08:27:31,336: INFO: common: yaml file: schema.yaml loaded successfully]
[2025-05-12 08:27:31,337: INFO: common: created directory at: artifacts]
[2025-05-12 08:27:31,339: INFO: common: created directory at: artifacts/data_transformation]
[2025-05-12 08:27:31,362: INFO: data_transformation: Splited data into training and test sets]
[2025-05-12 08:27:31,362: INFO: data_transformation: (857, 12)]
[2025-05-12 08:27:31,362: INFO: data_transformation: (286, 12)]
[2025-05-12 08:27:31,515: INFO: data_transformation: Saved transformed train and test datasets to CSV]
[2025-05-12 08:27:31,515: INFO: main: >>>>>> stage Data Transformation stage completed <<<<<<

x==========x]
[2025-05-12 08:27:31,515: INFO: main: >>>>>> stage Model Trainer stage started <<<<<<]
[2025-05-12 08:27:31,515: INFO: common: yaml file: config\config.yaml loaded successfully]
[2025-05-12 08:27:31,515: INFO: common: yaml file: params.yaml loaded successfully]
[2025-05-12 08:27:31,515: INFO: common: yaml file: schema.yaml loaded successfully]
[2025-05-12 08:27:31,515: INFO: common: created directory at: artifacts]
[2025-05-12 08:27:31,515: INFO: common: created directory at: artifacts/model_trainer]
[2025-05-12 08:27:35,051: INFO: main: >>>>>> stage Model Trainer stage completed <<<<<<

x==========x]
[2025-05-12 08:27:35,051: INFO: main: >>>>>> stage Model evaluation stage started <<<<<<]
[2025-05-12 08:27:35,051: INFO: common: yaml file: config\config.yaml loaded successfully]
[2025-05-12 08:27:35,055: INFO: common: yaml file: params.yaml loaded successfully]
[2025-05-12 08:27:35,055: INFO: common: yaml file: schema.yaml loaded successfully]
[2025-05-12 08:27:35,055: INFO: common: created directory at: artifacts]
[2025-05-12 08:27:35,055: INFO: common: created directory at: artifacts/model_evaluation]
[2025-05-12 08:27:35,102: INFO: common: json file saved at: artifacts\model_evaluation\metrics.json]
[2025-05-12 08:27:35,102: INFO: main: >>>>>> stage Model evaluation stage completed <<<<<<

x==========x]
[2025-05-12 08:44:36,615: INFO: _internal: [31m[1mWARNING: This is a development server. Do not use it in a production deployment. Use a production WSGI server instead.[0m
 * Running on all addresses (0.0.0.0)
 * Running on http://127.0.0.1:8000
 * Running on http://192.168.0.133:8000]
[2025-05-12 08:44:36,616: INFO: _internal: [33mPress CTRL+C to quit[0m]
[2025-05-12 08:44:36,619: INFO: _internal:  * Restarting with stat]
[2025-05-12 08:44:37,360: WARNING: _internal:  * Debugger is active!]
[2025-05-12 08:44:37,362: INFO: _internal:  * Debugger PIN: 635-120-279]
[2025-05-12 08:44:58,566: INFO: _internal: 127.0.0.1 - - [12/May/2025 08:44:58] "GET / HTTP/1.1" 200 -]
[2025-05-12 08:44:58,700: INFO: _internal: 127.0.0.1 - - [12/May/2025 08:44:58] "GET /static/css/styles.css HTTP/1.1" 200 -]
[2025-05-12 08:44:58,765: INFO: _internal: 127.0.0.1 - - [12/May/2025 08:44:58] "GET /static/css2/nunito-font.css HTTP/1.1" 200 -]
[2025-05-12 08:44:58,932: INFO: _internal: 127.0.0.1 - - [12/May/2025 08:44:58] "GET /static/js/scripts.js HTTP/1.1" 200 -]
[2025-05-12 08:44:58,932: INFO: _internal: 127.0.0.1 - - [12/May/2025 08:44:58] "GET /static/css2/style.css HTTP/1.1" 200 -]
[2025-05-12 08:45:01,147: INFO: _internal: 127.0.0.1 - - [12/May/2025 08:45:01] "[33mGET /static/fonts/Nunito/Nunito-Bold.ttf HTTP/1.1[0m" 404 -]
[2025-05-12 08:45:01,149: INFO: _internal: 127.0.0.1 - - [12/May/2025 08:45:01] "[33mGET /static/assets/img/wine.jpg HTTP/1.1[0m" 404 -]
[2025-05-12 08:45:01,175: INFO: _internal: 127.0.0.1 - - [12/May/2025 08:45:01] "GET /static/assets/img/form-v9.jpg HTTP/1.1" 200 -]
[2025-05-12 08:45:01,387: INFO: _internal: 127.0.0.1 - - [12/May/2025 08:45:01] "GET /static/assets/favicon.ico HTTP/1.1" 200 -]
[2025-05-12 08:45:13,277: INFO: _internal: 127.0.0.1 - - [12/May/2025 08:45:13] "GET / HTTP/1.1" 200 -]
[2025-05-12 08:45:13,589: INFO: _internal: 127.0.0.1 - - [12/May/2025 08:45:13] "[36mGET /static/css/styles.css HTTP/1.1[0m" 304 -]
[2025-05-12 08:45:13,607: INFO: _internal: 127.0.0.1 - - [12/May/2025 08:45:13] "[36mGET /static/css2/style.css HTTP/1.1[0m" 304 -]
[2025-05-12 08:45:13,608: INFO: _internal: 127.0.0.1 - - [12/May/2025 08:45:13] "[36mGET /static/css2/nunito-font.css HTTP/1.1[0m" 304 -]
[2025-05-12 08:45:13,609: INFO: _internal: 127.0.0.1 - - [12/May/2025 08:45:13] "[36mGET /static/js/scripts.js HTTP/1.1[0m" 304 -]
[2025-05-12 08:45:13,930: INFO: _internal: 127.0.0.1 - - [12/May/2025 08:45:13] "[33mGET /static/fonts/Nunito/Nunito-Bold.ttf HTTP/1.1[0m" 404 -]
[2025-05-12 08:45:13,949: INFO: _internal: 127.0.0.1 - - [12/May/2025 08:45:13] "[33mGET /static/assets/img/wine.jpg HTTP/1.1[0m" 404 -]
[2025-05-12 08:45:13,965: INFO: _internal: 127.0.0.1 - - [12/May/2025 08:45:13] "[36mGET /static/assets/img/form-v9.jpg HTTP/1.1[0m" 304 -]
[2025-05-12 08:46:42,738: INFO: _internal: 127.0.0.1 - - [12/May/2025 08:46:42] "GET / HTTP/1.1" 200 -]
[2025-05-12 08:46:42,773: INFO: _internal: 127.0.0.1 - - [12/May/2025 08:46:42] "[36mGET /static/css/styles.css HTTP/1.1[0m" 304 -]
[2025-05-12 08:46:42,955: INFO: _internal: 127.0.0.1 - - [12/May/2025 08:46:42] "[36mGET /static/css2/nunito-font.css HTTP/1.1[0m" 304 -]
[2025-05-12 08:46:43,080: INFO: _internal: 127.0.0.1 - - [12/May/2025 08:46:43] "[36mGET /static/css2/style.css HTTP/1.1[0m" 304 -]
[2025-05-12 08:46:43,080: INFO: _internal: 127.0.0.1 - - [12/May/2025 08:46:43] "[36mGET /static/js/scripts.js HTTP/1.1[0m" 304 -]
[2025-05-12 08:46:43,118: INFO: _internal: 127.0.0.1 - - [12/May/2025 08:46:43] "[33mGET /static/fonts/Nunito/Nunito-Bold.ttf HTTP/1.1[0m" 404 -]
[2025-05-12 08:46:43,395: INFO: _internal: 127.0.0.1 - - [12/May/2025 08:46:43] "[33mGET /static/assets/img/wine.jpg HTTP/1.1[0m" 404 -]
[2025-05-12 08:46:43,398: INFO: _internal: 127.0.0.1 - - [12/May/2025 08:46:43] "[36mGET /static/assets/img/form-v9.jpg HTTP/1.1[0m" 304 -]
[2025-05-12 08:46:43,811: INFO: _internal: 127.0.0.1 - - [12/May/2025 08:46:43] "[36mGET /static/assets/favicon.ico HTTP/1.1[0m" 304 -]
[2025-05-12 08:47:31,367: INFO: _internal: 127.0.0.1 - - [12/May/2025 08:47:31] "GET / HTTP/1.1" 200 -]
[2025-05-12 08:47:31,399: INFO: _internal: 127.0.0.1 - - [12/May/2025 08:47:31] "[36mGET /static/css/styles.css HTTP/1.1[0m" 304 -]
[2025-05-12 08:47:31,586: INFO: _internal: 127.0.0.1 - - [12/May/2025 08:47:31] "[36mGET /static/css2/nunito-font.css HTTP/1.1[0m" 304 -]
[2025-05-12 08:47:31,702: INFO: _internal: 127.0.0.1 - - [12/May/2025 08:47:31] "[36mGET /static/js/scripts.js HTTP/1.1[0m" 304 -]
[2025-05-12 08:47:31,702: INFO: _internal: 127.0.0.1 - - [12/May/2025 08:47:31] "[36mGET /static/css2/style.css HTTP/1.1[0m" 304 -]
[2025-05-12 08:47:31,750: INFO: _internal: 127.0.0.1 - - [12/May/2025 08:47:31] "[33mGET /static/fonts/Nunito/Nunito-Bold.ttf HTTP/1.1[0m" 404 -]
[2025-05-12 08:47:32,017: INFO: _internal: 127.0.0.1 - - [12/May/2025 08:47:32] "[33mGET /static/assets/img/wine.jpg HTTP/1.1[0m" 404 -]
[2025-05-12 08:47:32,022: INFO: _internal: 127.0.0.1 - - [12/May/2025 08:47:32] "[36mGET /static/assets/img/form-v9.jpg HTTP/1.1[0m" 304 -]
[2025-05-12 08:47:32,451: INFO: _internal: 127.0.0.1 - - [12/May/2025 08:47:32] "[36mGET /static/assets/favicon.ico HTTP/1.1[0m" 304 -]
[2025-05-12 08:48:54,380: INFO: _internal:  * Detected change in 'C:\\Users\\dibak\\Desktop\\End to End Machine Learning Pipeline\\app.py', reloading]
[2025-05-12 08:48:54,477: INFO: _internal:  * Restarting with stat]
[2025-05-12 08:48:55,187: WARNING: _internal:  * Debugger is active!]
[2025-05-12 08:48:55,187: INFO: _internal:  * Debugger PIN: 635-120-279]
[2025-05-12 08:49:18,118: INFO: _internal: 127.0.0.1 - - [12/May/2025 08:49:18] "GET / HTTP/1.1" 200 -]
[2025-05-12 08:49:18,209: INFO: _internal: 127.0.0.1 - - [12/May/2025 08:49:18] "[36mGET /static/css/styles.css HTTP/1.1[0m" 304 -]
[2025-05-12 08:49:18,378: INFO: _internal: 127.0.0.1 - - [12/May/2025 08:49:18] "[36mGET /static/css2/nunito-font.css HTTP/1.1[0m" 304 -]
[2025-05-12 08:49:18,470: INFO: _internal: 127.0.0.1 - - [12/May/2025 08:49:18] "[36mGET /static/css2/style.css HTTP/1.1[0m" 304 -]
[2025-05-12 08:49:18,470: INFO: _internal: 127.0.0.1 - - [12/May/2025 08:49:18] "[36mGET /static/js/scripts.js HTTP/1.1[0m" 304 -]
[2025-05-12 08:49:18,522: INFO: _internal: 127.0.0.1 - - [12/May/2025 08:49:18] "[33mGET /static/fonts/Nunito/Nunito-Bold.ttf HTTP/1.1[0m" 404 -]
[2025-05-12 08:49:18,800: INFO: _internal: 127.0.0.1 - - [12/May/2025 08:49:18] "[33mGET /static/assets/img/wine.jpg HTTP/1.1[0m" 404 -]
[2025-05-12 08:49:18,805: INFO: _internal: 127.0.0.1 - - [12/May/2025 08:49:18] "[36mGET /static/assets/img/form-v9.jpg HTTP/1.1[0m" 304 -]
[2025-05-12 08:49:19,200: INFO: _internal: 127.0.0.1 - - [12/May/2025 08:49:19] "[36mGET /static/assets/favicon.ico HTTP/1.1[0m" 304 -]
[2025-05-12 08:49:32,762: INFO: main: >>>>>> stage Data Ingestion stage started <<<<<<]
[2025-05-12 08:49:32,763: INFO: common: yaml file: config\config.yaml loaded successfully]
[2025-05-12 08:49:32,764: INFO: common: yaml file: params.yaml loaded successfully]
[2025-05-12 08:49:32,766: INFO: common: yaml file: schema.yaml loaded successfully]
[2025-05-12 08:49:32,766: INFO: common: created directory at: artifacts]
[2025-05-12 08:49:32,766: INFO: common: created directory at: artifacts/data_ingestion]
[2025-05-12 08:49:33,587: INFO: data_ingestion: artifacts/data_ingestion/data.zip download! with following info: 
Connection: close
Content-Length: 18424
Cache-Control: max-age=300
Content-Security-Policy: default-src 'none'; style-src 'unsafe-inline'; sandbox
Content-Type: application/zip
ETag: "4a608ec298d310c4a5721c5dd145b85f7dfc6bdc5a8ff97557f6cc4f625a1320"
Strict-Transport-Security: max-age=31536000
X-Content-Type-Options: nosniff
X-Frame-Options: deny
X-XSS-Protection: 1; mode=block
X-GitHub-Request-Id: 7E7D:260D99:1E973B:682840:68215B47
Accept-Ranges: bytes
Date: Mon, 12 May 2025 03:19:33 GMT
Via: 1.1 varnish
X-Served-By: cache-ccu830025-CCU
X-Cache: HIT
X-Cache-Hits: 0
X-Timer: S1747019973.488787,VS0,VE277
Vary: Authorization,Accept-Encoding,Origin
Access-Control-Allow-Origin: *
Cross-Origin-Resource-Policy: cross-origin
X-Fastly-Request-ID: 4af033aed076e98304a317b30c8d44dfeb47ff12
Expires: Mon, 12 May 2025 03:24:33 GMT
Source-Age: 0

]
[2025-05-12 08:49:33,607: INFO: main: >>>>>> stage Data Ingestion stage completed <<<<<<

x==========x]
[2025-05-12 08:49:33,607: INFO: main: >>>>>> stage Data Validation stage started <<<<<<]
[2025-05-12 08:49:33,609: INFO: common: yaml file: config\config.yaml loaded successfully]
[2025-05-12 08:49:33,610: INFO: common: yaml file: params.yaml loaded successfully]
[2025-05-12 08:49:33,611: INFO: common: yaml file: schema.yaml loaded successfully]
[2025-05-12 08:49:33,612: INFO: common: created directory at: artifacts]
[2025-05-12 08:49:33,613: INFO: common: created directory at: artifacts/data_validation]
[2025-05-12 08:49:33,631: INFO: main: >>>>>> stage Data Validation stage completed <<<<<<

x==========x]
[2025-05-12 08:49:33,632: INFO: main: >>>>>> stage Data Transformation stage started <<<<<<]
[2025-05-12 08:49:33,633: INFO: common: yaml file: config\config.yaml loaded successfully]
[2025-05-12 08:49:33,633: INFO: common: yaml file: params.yaml loaded successfully]
[2025-05-12 08:49:33,633: INFO: common: yaml file: schema.yaml loaded successfully]
[2025-05-12 08:49:33,633: INFO: common: created directory at: artifacts]
[2025-05-12 08:49:33,633: INFO: common: created directory at: artifacts/data_transformation]
[2025-05-12 08:49:33,651: INFO: data_transformation: Splited data into training and test sets]
[2025-05-12 08:49:33,651: INFO: data_transformation: (857, 12)]
[2025-05-12 08:49:33,651: INFO: data_transformation: (286, 12)]
[2025-05-12 08:49:33,784: INFO: data_transformation: Saved transformed train and test datasets to CSV]
[2025-05-12 08:49:33,784: INFO: main: >>>>>> stage Data Transformation stage completed <<<<<<

x==========x]
[2025-05-12 08:49:33,784: INFO: main: >>>>>> stage Model Trainer stage started <<<<<<]
[2025-05-12 08:49:33,784: INFO: common: yaml file: config\config.yaml loaded successfully]
[2025-05-12 08:49:33,784: INFO: common: yaml file: params.yaml loaded successfully]
[2025-05-12 08:49:33,784: INFO: common: yaml file: schema.yaml loaded successfully]
[2025-05-12 08:49:33,784: INFO: common: created directory at: artifacts]
[2025-05-12 08:49:33,784: INFO: common: created directory at: artifacts/model_trainer]
[2025-05-12 08:49:37,284: INFO: main: >>>>>> stage Model Trainer stage completed <<<<<<

x==========x]
[2025-05-12 08:49:37,284: INFO: main: >>>>>> stage Model evaluation stage started <<<<<<]
[2025-05-12 08:49:37,284: INFO: common: yaml file: config\config.yaml loaded successfully]
[2025-05-12 08:49:37,284: INFO: common: yaml file: params.yaml loaded successfully]
[2025-05-12 08:49:37,284: INFO: common: yaml file: schema.yaml loaded successfully]
[2025-05-12 08:49:37,284: INFO: common: created directory at: artifacts]
[2025-05-12 08:49:37,284: INFO: common: created directory at: artifacts/model_evaluation]
[2025-05-12 08:49:37,333: INFO: common: json file saved at: artifacts\model_evaluation\metrics.json]
[2025-05-12 08:49:37,333: INFO: main: >>>>>> stage Model evaluation stage completed <<<<<<

x==========x]
[2025-05-12 08:49:37,484: INFO: _internal: 127.0.0.1 - - [12/May/2025 08:49:37] "GET /train HTTP/1.1" 200 -]
[2025-05-12 08:49:37,576: INFO: _internal: 127.0.0.1 - - [12/May/2025 08:49:37] "[33mGET /favicon.ico HTTP/1.1[0m" 404 -]
[2025-05-12 08:50:24,982: INFO: _internal: 127.0.0.1 - - [12/May/2025 08:50:24] "POST /predict HTTP/1.1" 200 -]
[2025-05-12 08:52:03,736: INFO: _internal: [31m[1mWARNING: This is a development server. Do not use it in a production deployment. Use a production WSGI server instead.[0m
 * Running on all addresses (0.0.0.0)
 * Running on http://127.0.0.1:8000
 * Running on http://192.168.0.133:8000]
[2025-05-12 08:52:03,736: INFO: _internal: [33mPress CTRL+C to quit[0m]
[2025-05-12 08:52:03,736: INFO: _internal:  * Restarting with stat]
[2025-05-12 08:52:04,433: WARNING: _internal:  * Debugger is active!]
[2025-05-12 08:52:04,433: INFO: _internal:  * Debugger PIN: 635-120-279]
[2025-05-12 08:52:13,038: INFO: _internal: 127.0.0.1 - - [12/May/2025 08:52:13] "GET / HTTP/1.1" 200 -]
[2025-05-12 08:52:13,152: INFO: _internal: 127.0.0.1 - - [12/May/2025 08:52:13] "[36mGET /static/css/styles.css HTTP/1.1[0m" 304 -]
[2025-05-12 08:52:13,284: INFO: _internal: 127.0.0.1 - - [12/May/2025 08:52:13] "[36mGET /static/css2/nunito-font.css HTTP/1.1[0m" 304 -]
[2025-05-12 08:52:13,400: INFO: _internal: 127.0.0.1 - - [12/May/2025 08:52:13] "[36mGET /static/css2/style.css HTTP/1.1[0m" 304 -]
[2025-05-12 08:52:13,400: INFO: _internal: 127.0.0.1 - - [12/May/2025 08:52:13] "[36mGET /static/js/scripts.js HTTP/1.1[0m" 304 -]
[2025-05-12 08:52:13,469: INFO: _internal: 127.0.0.1 - - [12/May/2025 08:52:13] "[33mGET /static/fonts/Nunito/Nunito-Bold.ttf HTTP/1.1[0m" 404 -]
[2025-05-12 08:52:13,719: INFO: _internal: 127.0.0.1 - - [12/May/2025 08:52:13] "[33mGET /static/assets/img/wine.jpg HTTP/1.1[0m" 404 -]
[2025-05-12 08:52:13,734: INFO: _internal: 127.0.0.1 - - [12/May/2025 08:52:13] "[36mGET /static/assets/img/form-v9.jpg HTTP/1.1[0m" 304 -]
[2025-05-12 08:52:20,135: INFO: main: >>>>>> stage Data Ingestion stage started <<<<<<]
[2025-05-12 08:52:20,138: INFO: common: yaml file: config\config.yaml loaded successfully]
[2025-05-12 08:52:20,139: INFO: common: yaml file: params.yaml loaded successfully]
[2025-05-12 08:52:20,140: INFO: common: yaml file: schema.yaml loaded successfully]
[2025-05-12 08:52:20,142: INFO: common: created directory at: artifacts]
[2025-05-12 08:52:20,143: INFO: common: created directory at: artifacts/data_ingestion]
[2025-05-12 08:52:20,679: INFO: data_ingestion: artifacts/data_ingestion/data.zip download! with following info: 
Connection: close
Content-Length: 18424
Cache-Control: max-age=300
Content-Security-Policy: default-src 'none'; style-src 'unsafe-inline'; sandbox
Content-Type: application/zip
ETag: "4a608ec298d310c4a5721c5dd145b85f7dfc6bdc5a8ff97557f6cc4f625a1320"
Strict-Transport-Security: max-age=31536000
X-Content-Type-Options: nosniff
X-Frame-Options: deny
X-XSS-Protection: 1; mode=block
X-GitHub-Request-Id: 7E7D:260D99:1E973B:682840:68215B47
Accept-Ranges: bytes
Date: Mon, 12 May 2025 03:22:20 GMT
Via: 1.1 varnish
X-Served-By: cache-ccu830042-CCU
X-Cache: HIT
X-Cache-Hits: 0
X-Timer: S1747020141.854966,VS0,VE1
Vary: Authorization,Accept-Encoding,Origin
Access-Control-Allow-Origin: *
Cross-Origin-Resource-Policy: cross-origin
X-Fastly-Request-ID: 31a37f622e5f475779b25d1ac4a01f2462c13385
Expires: Mon, 12 May 2025 03:27:20 GMT
Source-Age: 167

]
[2025-05-12 08:52:20,695: INFO: main: >>>>>> stage Data Ingestion stage completed <<<<<<

x==========x]
[2025-05-12 08:52:20,695: INFO: main: >>>>>> stage Data Validation stage started <<<<<<]
[2025-05-12 08:52:20,697: INFO: common: yaml file: config\config.yaml loaded successfully]
[2025-05-12 08:52:20,698: INFO: common: yaml file: params.yaml loaded successfully]
[2025-05-12 08:52:20,699: INFO: common: yaml file: schema.yaml loaded successfully]
[2025-05-12 08:52:20,700: INFO: common: created directory at: artifacts]
[2025-05-12 08:52:20,701: INFO: common: created directory at: artifacts/data_validation]
[2025-05-12 08:52:20,721: INFO: main: >>>>>> stage Data Validation stage completed <<<<<<

x==========x]
[2025-05-12 08:52:20,721: INFO: main: >>>>>> stage Data Transformation stage started <<<<<<]
[2025-05-12 08:52:20,724: INFO: common: yaml file: config\config.yaml loaded successfully]
[2025-05-12 08:52:20,725: INFO: common: yaml file: params.yaml loaded successfully]
[2025-05-12 08:52:20,726: INFO: common: yaml file: schema.yaml loaded successfully]
[2025-05-12 08:52:20,726: INFO: common: created directory at: artifacts]
[2025-05-12 08:52:20,727: INFO: common: created directory at: artifacts/data_transformation]
[2025-05-12 08:52:20,744: INFO: data_transformation: Splited data into training and test sets]
[2025-05-12 08:52:20,744: INFO: data_transformation: (857, 12)]
[2025-05-12 08:52:20,744: INFO: data_transformation: (286, 12)]
[2025-05-12 08:52:20,902: INFO: data_transformation: Saved transformed train and test datasets to CSV]
[2025-05-12 08:52:20,902: INFO: main: >>>>>> stage Data Transformation stage completed <<<<<<

x==========x]
[2025-05-12 08:52:20,902: INFO: main: >>>>>> stage Model Trainer stage started <<<<<<]
[2025-05-12 08:52:20,918: INFO: common: yaml file: config\config.yaml loaded successfully]
[2025-05-12 08:52:20,920: INFO: common: yaml file: params.yaml loaded successfully]
[2025-05-12 08:52:20,921: INFO: common: yaml file: schema.yaml loaded successfully]
[2025-05-12 08:52:20,921: INFO: common: created directory at: artifacts]
[2025-05-12 08:52:20,921: INFO: common: created directory at: artifacts/model_trainer]
[2025-05-12 08:52:21,485: INFO: main: >>>>>> stage Model Trainer stage completed <<<<<<

x==========x]
[2025-05-12 08:52:21,485: INFO: main: >>>>>> stage Model evaluation stage started <<<<<<]
[2025-05-12 08:52:21,485: INFO: common: yaml file: config\config.yaml loaded successfully]
[2025-05-12 08:52:21,485: INFO: common: yaml file: params.yaml loaded successfully]
[2025-05-12 08:52:21,485: INFO: common: yaml file: schema.yaml loaded successfully]
[2025-05-12 08:52:21,485: INFO: common: created directory at: artifacts]
[2025-05-12 08:52:21,485: INFO: common: created directory at: artifacts/model_evaluation]
[2025-05-12 08:52:21,543: INFO: common: json file saved at: artifacts\model_evaluation\metrics.json]
[2025-05-12 08:52:21,544: INFO: main: >>>>>> stage Model evaluation stage completed <<<<<<

x==========x]
[2025-05-12 08:52:21,732: INFO: _internal: 127.0.0.1 - - [12/May/2025 08:52:21] "GET /train HTTP/1.1" 200 -]
[2025-05-12 08:52:42,254: INFO: _internal: 127.0.0.1 - - [12/May/2025 08:52:42] "POST /predict HTTP/1.1" 200 -]
[2025-05-12 08:52:42,286: INFO: _internal: 127.0.0.1 - - [12/May/2025 08:52:42] "[36mGET /static/css/styles.css HTTP/1.1[0m" 304 -]
[2025-05-12 08:52:42,588: INFO: _internal: 127.0.0.1 - - [12/May/2025 08:52:42] "[36mGET /static/js/scripts.js HTTP/1.1[0m" 304 -]
[2025-05-12 08:52:42,620: INFO: _internal: 127.0.0.1 - - [12/May/2025 08:52:42] "[33mGET /static/assets/img/wine.gif HTTP/1.1[0m" 404 -]
[2025-05-12 08:53:26,804: INFO: _internal: 127.0.0.1 - - [12/May/2025 08:53:26] "GET / HTTP/1.1" 200 -]
[2025-05-12 08:53:26,884: INFO: _internal: 127.0.0.1 - - [12/May/2025 08:53:26] "[36mGET /static/css/styles.css HTTP/1.1[0m" 304 -]
[2025-05-12 08:53:27,069: INFO: _internal: 127.0.0.1 - - [12/May/2025 08:53:27] "[36mGET /static/css2/nunito-font.css HTTP/1.1[0m" 304 -]
[2025-05-12 08:53:27,177: INFO: _internal: 127.0.0.1 - - [12/May/2025 08:53:27] "[33mGET /static/assets/img/wine.jpg HTTP/1.1[0m" 404 -]
[2025-05-12 08:53:27,179: INFO: _internal: 127.0.0.1 - - [12/May/2025 08:53:27] "[36mGET /static/js/scripts.js HTTP/1.1[0m" 304 -]
[2025-05-12 08:53:27,180: INFO: _internal: 127.0.0.1 - - [12/May/2025 08:53:27] "[36mGET /static/css2/style.css HTTP/1.1[0m" 304 -]
[2025-05-12 08:53:27,206: INFO: _internal: 127.0.0.1 - - [12/May/2025 08:53:27] "[33mGET /static/fonts/Nunito/Nunito-Bold.ttf HTTP/1.1[0m" 404 -]
[2025-05-12 08:53:27,499: INFO: _internal: 127.0.0.1 - - [12/May/2025 08:53:27] "[36mGET /static/assets/img/form-v9.jpg HTTP/1.1[0m" 304 -]
[2025-05-12 08:53:41,886: INFO: _internal: 127.0.0.1 - - [12/May/2025 08:53:41] "POST /predict HTTP/1.1" 200 -]
[2025-05-12 08:53:42,176: INFO: _internal: 127.0.0.1 - - [12/May/2025 08:53:42] "[36mGET /static/css/styles.css HTTP/1.1[0m" 304 -]
[2025-05-12 08:53:42,226: INFO: _internal: 127.0.0.1 - - [12/May/2025 08:53:42] "[36mGET /static/js/scripts.js HTTP/1.1[0m" 304 -]
[2025-05-12 08:53:42,321: INFO: _internal: 127.0.0.1 - - [12/May/2025 08:53:42] "[33mGET /static/assets/img/wine.gif HTTP/1.1[0m" 404 -]
[2025-05-12 08:54:56,201: INFO: _internal:  * Detected change in 'C:\\Users\\dibak\\Desktop\\End to End Machine Learning Pipeline\\src\\mlProject\\components\\data_transformation.py', reloading]
[2025-05-12 08:54:56,377: INFO: _internal:  * Restarting with stat]
[2025-05-12 08:54:57,086: WARNING: _internal:  * Debugger is active!]
[2025-05-12 08:54:57,086: INFO: _internal:  * Debugger PIN: 635-120-279]
[2025-05-12 08:55:17,596: INFO: _internal:  * Detected change in 'C:\\Users\\dibak\\Desktop\\End to End Machine Learning Pipeline\\src\\mlProject\\pipeline\\stage_03_data_transformation.py', reloading]
[2025-05-12 08:55:17,686: INFO: _internal:  * Restarting with stat]
[2025-05-12 08:55:18,370: WARNING: _internal:  * Debugger is active!]
[2025-05-12 08:55:18,386: INFO: _internal:  * Debugger PIN: 635-120-279]
[2025-05-12 08:55:34,821: INFO: _internal: 127.0.0.1 - - [12/May/2025 08:55:34] "GET / HTTP/1.1" 200 -]
[2025-05-12 08:55:34,955: INFO: _internal: 127.0.0.1 - - [12/May/2025 08:55:34] "[36mGET /static/css/styles.css HTTP/1.1[0m" 304 -]
[2025-05-12 08:55:35,086: INFO: _internal: 127.0.0.1 - - [12/May/2025 08:55:35] "[36mGET /static/css2/nunito-font.css HTTP/1.1[0m" 304 -]
[2025-05-12 08:55:35,167: INFO: _internal: 127.0.0.1 - - [12/May/2025 08:55:35] "[36mGET /static/js/scripts.js HTTP/1.1[0m" 304 -]
[2025-05-12 08:55:35,169: INFO: _internal: 127.0.0.1 - - [12/May/2025 08:55:35] "[33mGET /static/assets/img/wine.jpg HTTP/1.1[0m" 404 -]
[2025-05-12 08:55:35,171: INFO: _internal: 127.0.0.1 - - [12/May/2025 08:55:35] "[36mGET /static/css2/style.css HTTP/1.1[0m" 304 -]
[2025-05-12 08:55:35,290: INFO: _internal: 127.0.0.1 - - [12/May/2025 08:55:35] "[33mGET /static/fonts/Nunito/Nunito-Bold.ttf HTTP/1.1[0m" 404 -]
[2025-05-12 08:55:35,486: INFO: _internal: 127.0.0.1 - - [12/May/2025 08:55:35] "[36mGET /static/assets/img/form-v9.jpg HTTP/1.1[0m" 304 -]
[2025-05-12 08:55:41,255: INFO: main: >>>>>> stage Data Ingestion stage started <<<<<<]
[2025-05-12 08:55:41,256: INFO: common: yaml file: config\config.yaml loaded successfully]
[2025-05-12 08:55:41,257: INFO: common: yaml file: params.yaml loaded successfully]
[2025-05-12 08:55:41,259: INFO: common: yaml file: schema.yaml loaded successfully]
[2025-05-12 08:55:41,259: INFO: common: created directory at: artifacts]
[2025-05-12 08:55:41,260: INFO: common: created directory at: artifacts/data_ingestion]
[2025-05-12 08:55:42,036: INFO: data_ingestion: artifacts/data_ingestion/data.zip download! with following info: 
Connection: close
Content-Length: 18424
Cache-Control: max-age=300
Content-Security-Policy: default-src 'none'; style-src 'unsafe-inline'; sandbox
Content-Type: application/zip
ETag: "4a608ec298d310c4a5721c5dd145b85f7dfc6bdc5a8ff97557f6cc4f625a1320"
Strict-Transport-Security: max-age=31536000
X-Content-Type-Options: nosniff
X-Frame-Options: deny
X-XSS-Protection: 1; mode=block
X-GitHub-Request-Id: 7E7D:260D99:1E973B:682840:68215B47
Accept-Ranges: bytes
Date: Mon, 12 May 2025 03:25:42 GMT
Via: 1.1 varnish
X-Served-By: cache-ccu830027-CCU
X-Cache: HIT
X-Cache-Hits: 1
X-Timer: S1747020342.925268,VS0,VE295
Vary: Authorization,Accept-Encoding,Origin
Access-Control-Allow-Origin: *
Cross-Origin-Resource-Policy: cross-origin
X-Fastly-Request-ID: fa4cd9478beb8ceb3a2f3b75f3c1f931c70a0008
Expires: Mon, 12 May 2025 03:30:42 GMT
Source-Age: 0

]
[2025-05-12 08:55:42,061: INFO: main: >>>>>> stage Data Ingestion stage completed <<<<<<

x==========x]
[2025-05-12 08:55:42,061: INFO: main: >>>>>> stage Data Validation stage started <<<<<<]
[2025-05-12 08:55:42,063: INFO: common: yaml file: config\config.yaml loaded successfully]
[2025-05-12 08:55:42,064: INFO: common: yaml file: params.yaml loaded successfully]
[2025-05-12 08:55:42,065: INFO: common: yaml file: schema.yaml loaded successfully]
[2025-05-12 08:55:42,065: INFO: common: created directory at: artifacts]
[2025-05-12 08:55:42,067: INFO: common: created directory at: artifacts/data_validation]
[2025-05-12 08:55:42,085: INFO: main: >>>>>> stage Data Validation stage completed <<<<<<

x==========x]
[2025-05-12 08:55:42,085: INFO: main: >>>>>> stage Data Transformation stage started <<<<<<]
[2025-05-12 08:55:42,087: INFO: common: yaml file: config\config.yaml loaded successfully]
[2025-05-12 08:55:42,087: INFO: common: yaml file: params.yaml loaded successfully]
[2025-05-12 08:55:42,087: INFO: common: yaml file: schema.yaml loaded successfully]
[2025-05-12 08:55:42,087: INFO: common: created directory at: artifacts]
[2025-05-12 08:55:42,093: INFO: common: created directory at: artifacts/data_transformation]
[2025-05-12 08:55:42,107: INFO: data_transformation: Splited data into training and test sets]
[2025-05-12 08:55:42,107: INFO: data_transformation: (857, 12)]
[2025-05-12 08:55:42,107: INFO: data_transformation: (286, 12)]
[2025-05-12 08:55:42,108: INFO: main: >>>>>> stage Data Transformation stage completed <<<<<<

x==========x]
[2025-05-12 08:55:42,108: INFO: main: >>>>>> stage Model Trainer stage started <<<<<<]
[2025-05-12 08:55:42,110: INFO: common: yaml file: config\config.yaml loaded successfully]
[2025-05-12 08:55:42,111: INFO: common: yaml file: params.yaml loaded successfully]
[2025-05-12 08:55:42,112: INFO: common: yaml file: schema.yaml loaded successfully]
[2025-05-12 08:55:42,112: INFO: common: created directory at: artifacts]
[2025-05-12 08:55:42,112: INFO: common: created directory at: artifacts/model_trainer]
[2025-05-12 08:55:42,619: INFO: main: >>>>>> stage Model Trainer stage completed <<<<<<

x==========x]
[2025-05-12 08:55:42,619: INFO: main: >>>>>> stage Model evaluation stage started <<<<<<]
[2025-05-12 08:55:42,619: INFO: common: yaml file: config\config.yaml loaded successfully]
[2025-05-12 08:55:42,619: INFO: common: yaml file: params.yaml loaded successfully]
[2025-05-12 08:55:42,619: INFO: common: yaml file: schema.yaml loaded successfully]
[2025-05-12 08:55:42,619: INFO: common: created directory at: artifacts]
[2025-05-12 08:55:42,619: INFO: common: created directory at: artifacts/model_evaluation]
[2025-05-12 08:55:42,672: INFO: common: json file saved at: artifacts\model_evaluation\metrics.json]
[2025-05-12 08:55:42,673: INFO: main: >>>>>> stage Model evaluation stage completed <<<<<<

x==========x]
[2025-05-12 08:55:42,835: INFO: _internal: 127.0.0.1 - - [12/May/2025 08:55:42] "GET /train HTTP/1.1" 200 -]
[2025-05-12 08:56:05,055: INFO: _internal: 127.0.0.1 - - [12/May/2025 08:56:05] "POST /predict HTTP/1.1" 200 -]
[2025-05-12 08:56:05,087: INFO: _internal: 127.0.0.1 - - [12/May/2025 08:56:05] "[36mGET /static/css/styles.css HTTP/1.1[0m" 304 -]
[2025-05-12 08:56:05,402: INFO: _internal: 127.0.0.1 - - [12/May/2025 08:56:05] "[36mGET /static/js/scripts.js HTTP/1.1[0m" 304 -]
[2025-05-12 08:56:05,428: INFO: _internal: 127.0.0.1 - - [12/May/2025 08:56:05] "[33mGET /static/assets/img/wine.gif HTTP/1.1[0m" 404 -]
[2025-05-12 08:56:21,187: INFO: _internal:  * Detected change in 'C:\\Users\\dibak\\Desktop\\End to End Machine Learning Pipeline\\src\\mlProject\\components\\data_transformation.py', reloading]
[2025-05-12 08:56:21,373: INFO: _internal:  * Restarting with stat]
[2025-05-12 08:56:22,090: WARNING: _internal:  * Debugger is active!]
[2025-05-12 08:56:22,090: INFO: _internal:  * Debugger PIN: 635-120-279]
[2025-05-12 08:56:31,365: INFO: _internal:  * Detected change in 'C:\\Users\\dibak\\Desktop\\End to End Machine Learning Pipeline\\src\\mlProject\\pipeline\\stage_03_data_transformation.py', reloading]
[2025-05-12 08:56:31,435: INFO: _internal:  * Restarting with stat]
[2025-05-12 08:56:32,152: WARNING: _internal:  * Debugger is active!]
[2025-05-12 08:56:32,154: INFO: _internal:  * Debugger PIN: 635-120-279]
[2025-05-12 08:56:35,855: INFO: _internal: 127.0.0.1 - - [12/May/2025 08:56:35] "GET / HTTP/1.1" 200 -]
[2025-05-12 08:56:36,010: INFO: _internal: 127.0.0.1 - - [12/May/2025 08:56:36] "[36mGET /static/css/styles.css HTTP/1.1[0m" 304 -]
[2025-05-12 08:56:36,122: INFO: _internal: 127.0.0.1 - - [12/May/2025 08:56:36] "[36mGET /static/css2/nunito-font.css HTTP/1.1[0m" 304 -]
[2025-05-12 08:56:36,203: INFO: _internal: 127.0.0.1 - - [12/May/2025 08:56:36] "[36mGET /static/css2/style.css HTTP/1.1[0m" 304 -]
[2025-05-12 08:56:36,204: INFO: _internal: 127.0.0.1 - - [12/May/2025 08:56:36] "[36mGET /static/js/scripts.js HTTP/1.1[0m" 304 -]
[2025-05-12 08:56:36,205: INFO: _internal: 127.0.0.1 - - [12/May/2025 08:56:36] "[33mGET /static/assets/img/wine.jpg HTTP/1.1[0m" 404 -]
[2025-05-12 08:56:36,336: INFO: _internal: 127.0.0.1 - - [12/May/2025 08:56:36] "[33mGET /static/fonts/Nunito/Nunito-Bold.ttf HTTP/1.1[0m" 404 -]
[2025-05-12 08:56:36,521: INFO: _internal: 127.0.0.1 - - [12/May/2025 08:56:36] "[36mGET /static/assets/img/form-v9.jpg HTTP/1.1[0m" 304 -]
[2025-05-12 10:32:41,934: INFO: _internal: [31m[1mWARNING: This is a development server. Do not use it in a production deployment. Use a production WSGI server instead.[0m
 * Running on all addresses (0.0.0.0)
 * Running on http://127.0.0.1:5000
 * Running on http://192.168.0.133:5000]
[2025-05-12 10:32:41,950: INFO: _internal: [33mPress CTRL+C to quit[0m]
[2025-05-12 10:32:41,988: INFO: _internal:  * Restarting with stat]
[2025-05-12 10:32:42,702: WARNING: _internal:  * Debugger is active!]
[2025-05-12 10:32:42,725: INFO: _internal:  * Debugger PIN: 635-120-279]
[2025-05-12 10:32:58,288: INFO: _internal: 127.0.0.1 - - [12/May/2025 10:32:58] "GET / HTTP/1.1" 200 -]
[2025-05-12 10:32:58,535: INFO: _internal: 127.0.0.1 - - [12/May/2025 10:32:58] "GET /static/css2/nunito-font.css HTTP/1.1" 200 -]
[2025-05-12 10:32:58,608: INFO: _internal: 127.0.0.1 - - [12/May/2025 10:32:58] "GET /static/css/styles.css HTTP/1.1" 200 -]
[2025-05-12 10:32:58,777: INFO: _internal: 127.0.0.1 - - [12/May/2025 10:32:58] "GET /static/css2/style.css HTTP/1.1" 200 -]
[2025-05-12 10:32:58,795: INFO: _internal: 127.0.0.1 - - [12/May/2025 10:32:58] "GET /static/js/scripts.js HTTP/1.1" 200 -]
[2025-05-12 10:32:59,890: INFO: _internal: 127.0.0.1 - - [12/May/2025 10:32:59] "[33mGET /static/fonts/Nunito/Nunito-Bold.ttf HTTP/1.1[0m" 404 -]
[2025-05-12 10:32:59,957: INFO: _internal: 127.0.0.1 - - [12/May/2025 10:32:59] "[33mGET /static/assets/img/wine.jpg HTTP/1.1[0m" 404 -]
[2025-05-12 10:33:00,118: INFO: _internal: 127.0.0.1 - - [12/May/2025 10:33:00] "GET /static/assets/img/form-v9.jpg HTTP/1.1" 200 -]
[2025-05-12 10:33:00,385: INFO: _internal: 127.0.0.1 - - [12/May/2025 10:33:00] "GET /static/assets/favicon.ico HTTP/1.1" 200 -]
